#-----------------------------------------------------------
# Vivado v2018.3 (64-bit)
# SW Build 2405991 on Thu Dec  6 23:38:27 MST 2018
# IP Build 2404404 on Fri Dec  7 01:43:56 MST 2018
# Start of session at: Fri May 24 22:10:57 2019
# Process ID: 4344
# Current directory: D:/Workspace/Vivado/verilogLabs/calc
# Command line: vivado.exe -gui_launcher_event rodinguilauncherevent5512 D:\Workspace\Vivado\verilogLabs\calc\calc.xpr
# Log file: D:/Workspace/Vivado/verilogLabs/calc/vivado.log
# Journal file: D:/Workspace/Vivado/verilogLabs/calc\vivado.jou
#-----------------------------------------------------------
start_gui
open_project D:/Workspace/Vivado/verilogLabs/calc/calc.xpr
INFO: [Project 1-313] Project file moved from 'H:/labs/verilog/calc' since last save.
Scanning sources...
Finished scanning sources
WARNING: [Project 1-509] GeneratedRun file for 'synth_1' not found
WARNING: [filemgmt 56-2] IPUserFilesDir: Could not find the directory 'D:/Workspace/Vivado/verilogLabs/calc/calc.ip_user_files', nor could it be found using path 'H:/labs/verilog/calc/calc.ip_user_files'.
INFO: [IP_Flow 19-234] Refreshing IP repositories
INFO: [IP_Flow 19-1704] No user IP repositories specified
INFO: [IP_Flow 19-2313] Loaded Vivado IP repository 'D:/Xilinx/Vivado/2018.3/data/ip'.
open_project: Time (s): cpu = 00:00:14 ; elapsed = 00:00:21 . Memory (MB): peak = 640.680 ; gain = 70.438
update_compile_order -fileset sources_1
exit
INFO: [Common 17-206] Exiting Vivado at Fri May 24 23:08:04 2019...
