#-----------------------------------------------------------
# Vivado v2018.3 (64-bit)
# SW Build 2405991 on Thu Dec  6 23:38:27 MST 2018
# IP Build 2404404 on Fri Dec  7 01:43:56 MST 2018
# Start of session at: Sat Apr  6 13:04:18 2019
# Process ID: 6088
# Current directory: H:/labs/verilog/lab3
# Command line: vivado.exe -gui_launcher_event rodinguilauncherevent5756 H:\labs\verilog\lab3\lab3.xpr
# Log file: H:/labs/verilog/lab3/vivado.log
# Journal file: H:/labs/verilog/lab3\vivado.jou
#-----------------------------------------------------------
start_gui
open_project H:/labs/verilog/lab3/lab3.xpr
Scanning sources...
Finished scanning sources
INFO: [IP_Flow 19-234] Refreshing IP repositories
INFO: [IP_Flow 19-1704] No user IP repositories specified
INFO: [IP_Flow 19-2313] Loaded Vivado IP repository 'C:/Xilinx/Vivado/2018.3/data/ip'.
open_project: Time (s): cpu = 00:00:12 ; elapsed = 00:00:11 . Memory (MB): peak = 678.664 ; gain = 77.203
update_compile_order -fileset sources_1
set_property needs_refresh false [get_runs synth_1]
set_property needs_refresh false [get_runs impl_1]
INFO: [Vivado 12-4877] Implementation run impl_1 can not be force updated because its parent run is stale
reset_run synth_1
launch_runs synth_1 -jobs 2
[Sat Apr  6 13:10:18 2019] Launched synth_1...
Run output will be captured here: H:/labs/verilog/lab3/lab3.runs/synth_1/runme.log
reset_run synth_1
launch_runs synth_1 -jobs 2
[Sat Apr  6 13:11:47 2019] Launched synth_1...
Run output will be captured here: H:/labs/verilog/lab3/lab3.runs/synth_1/runme.log
